\BOOKMARK [0][-]{chapter*.1}{\376\377\144\130\211\201}{}% 1
\BOOKMARK [0][-]{chapter*.2}{\376\377\000A\000B\000S\000T\000R\000A\000C\000T}{}% 2
\BOOKMARK [0][-]{section*.3}{\376\377\166\356\137\125}{}% 3
\BOOKMARK [0][-]{chapter.1}{\376\377\176\352\213\272}{}% 4
\BOOKMARK [1][-]{section.1.1}{\376\377\213\376\230\230\170\024\172\166\166\356\166\204\124\214\141\017\116\111}{chapter.1}% 5
\BOOKMARK [1][-]{section.1.2}{\376\377\126\375\121\205\131\026\170\024\172\166\163\260\162\266}{chapter.1}% 6
\BOOKMARK [2][-]{subsection.1.2.1}{\376\377\122\000\121\167\170\350\143\137\221\317\166\321\155\113\170\024\172\166\163\260\162\266}{section.1.2}% 7
\BOOKMARK [2][-]{subsection.1.2.2}{\376\377\122\000\121\167\170\350\143\137\221\317\230\204\142\245\170\024\172\166\163\260\162\266}{section.1.2}% 8
\BOOKMARK [1][-]{section.1.3}{\376\377\122\000\121\167\170\350\143\137\166\321\155\113\124\214\230\204\142\245\225\356\230\230\116\345\123\312\121\166\123\321\134\125\215\213\122\277}{chapter.1}% 9
\BOOKMARK [1][-]{section.1.4}{\376\377\147\054\145\207\166\204\116\073\211\201\170\024\172\166\121\205\133\271\124\214\172\340\202\202\121\205\133\271}{chapter.1}% 10
\BOOKMARK [2][-]{subsection.1.4.1}{\376\377\170\024\172\166\121\205\133\271}{section.1.4}% 11
\BOOKMARK [2][-]{subsection.1.4.2}{\376\377\172\340\202\202\133\211\143\222}{section.1.4}% 12
\BOOKMARK [0][-]{chapter.2}{\376\377\155\113\213\325\000A}{}% 13
\BOOKMARK [1][-]{section.2.1}{\376\377\142\021\120\132\166\204\0001\116\052\116\213}{chapter.2}% 14
\BOOKMARK [1][-]{section.2.2}{\376\377\142\021\123\310\120\132\166\204\0001\116\052\116\213}{chapter.2}% 15
\BOOKMARK [2][-]{subsection.2.2.1}{\376\377\116\044\116\052\134\017\150\007\230\230\000q}{section.2.2}% 16
\BOOKMARK [2][-]{subsection.2.2.2}{\376\377\116\044\116\052\134\017\150\007\230\230\000p}{section.2.2}% 17
\BOOKMARK [1][-]{section.2.3}{\376\377\217\330\146\057\142\021\120\132\166\204\0001\116\052\116\213}{chapter.2}% 18
\BOOKMARK [0][-]{chapter.3}{\376\377\140\073\176\323}{}% 19
\BOOKMARK [1][-]{section.3.1}{\376\377\140\073\176\323\000\040\140\073\176\323}{chapter.3}% 20
\BOOKMARK [1][-]{section.3.2}{\376\377\140\073\176\323\000\040\140\073\176\323}{chapter.3}% 21
\BOOKMARK [2][-]{subsection.3.2.1}{\376\377\140\073\176\323\000\040\140\073\176\323\000\040\140\073\176\323}{section.3.2}% 22
\BOOKMARK [2][-]{subsection.3.2.2}{\376\377\140\073\176\323\000\040\140\073\176\323\000\040\140\073\176\323}{section.3.2}% 23
\BOOKMARK [1][-]{section.3.3}{\376\377\140\073\176\323\000\040\140\073\176\323}{chapter.3}% 24
\BOOKMARK [0][-]{section*.7}{\376\377\123\302\200\003\145\207\163\056}{}% 25
\BOOKMARK [0][-]{chapter*.10}{\376\377\226\104\137\125}{}% 26
\BOOKMARK [0][-]{chapter*.14}{\376\377\153\325\116\032\213\276\213\241\134\017\176\323}{}% 27
